This is pdfTeX, Version 3.141592653-2.6-1.40.22 (TeX Live 2021/Arch Linux) (preloaded format=pdflatex 2021.7.10)  1 AUG 2021 11:52
entering extended mode
 restricted \write18 enabled.
 %&-line parsing enabled.
**MathPhysics.tex
(./MathPhysics.tex
LaTeX2e <2020-10-01> patch level 4
L3 programming layer <2021-02-18>
(/usr/share/texmf-dist/tex/latex/base/book.cls
Document Class: book 2020/04/10 v1.4m Standard LaTeX document class
(/usr/share/texmf-dist/tex/latex/base/bk10.clo
File: bk10.clo 2020/04/10 v1.4m Standard LaTeX file (size option)
)
\c@part=\count179
\c@chapter=\count180
\c@section=\count181
\c@subsection=\count182
\c@subsubsection=\count183
\c@paragraph=\count184
\c@subparagraph=\count185
\c@figure=\count186
\c@table=\count187
\abovecaptionskip=\skip47
\belowcaptionskip=\skip48
\bibindent=\dimen138
)
(/usr/share/texmf-dist/tex/latex/graphics/graphicx.sty
Package: graphicx 2020/09/09 v1.2b Enhanced LaTeX Graphics (DPC,SPQR)

(/usr/share/texmf-dist/tex/latex/graphics/keyval.sty
Package: keyval 2014/10/28 v1.15 key=value parser (DPC)
\KV@toks@=\toks15
)
(/usr/share/texmf-dist/tex/latex/graphics/graphics.sty
Package: graphics 2020/08/30 v1.4c Standard LaTeX Graphics (DPC,SPQR)

(/usr/share/texmf-dist/tex/latex/graphics/trig.sty
Package: trig 2016/01/03 v1.10 sin cos tan (DPC)
)
(/usr/share/texmf-dist/tex/latex/graphics-cfg/graphics.cfg
File: graphics.cfg 2016/06/04 v1.11 sample graphics configuration
)
Package graphics Info: Driver file: pdftex.def on input line 105.

(/usr/share/texmf-dist/tex/latex/graphics-def/pdftex.def
File: pdftex.def 2020/10/05 v1.2a Graphics/color driver for pdftex
))
\Gin@req@height=\dimen139
\Gin@req@width=\dimen140
)
(/usr/share/texmf-dist/tex/latex/amsmath/amsmath.sty
Package: amsmath 2020/09/23 v2.17i AMS math features
\@mathmargin=\skip49

For additional information on amsmath, use the `?' option.
(/usr/share/texmf-dist/tex/latex/amsmath/amstext.sty
Package: amstext 2000/06/29 v2.01 AMS text

(/usr/share/texmf-dist/tex/latex/amsmath/amsgen.sty
File: amsgen.sty 1999/11/30 v2.0 generic functions
\@emptytoks=\toks16
\ex@=\dimen141
))
(/usr/share/texmf-dist/tex/latex/amsmath/amsbsy.sty
Package: amsbsy 1999/11/29 v1.2d Bold Symbols
\pmbraise@=\dimen142
)
(/usr/share/texmf-dist/tex/latex/amsmath/amsopn.sty
Package: amsopn 2016/03/08 v2.02 operator names
)
\inf@bad=\count188
LaTeX Info: Redefining \frac on input line 234.
\uproot@=\count189
\leftroot@=\count190
LaTeX Info: Redefining \overline on input line 399.
\classnum@=\count191
\DOTSCASE@=\count192
LaTeX Info: Redefining \ldots on input line 496.
LaTeX Info: Redefining \dots on input line 499.
LaTeX Info: Redefining \cdots on input line 620.
\Mathstrutbox@=\box47
\strutbox@=\box48
\big@size=\dimen143
LaTeX Font Info:    Redeclaring font encoding OML on input line 743.
LaTeX Font Info:    Redeclaring font encoding OMS on input line 744.
\macc@depth=\count193
\c@MaxMatrixCols=\count194
\dotsspace@=\muskip16
\c@parentequation=\count195
\dspbrk@lvl=\count196
\tag@help=\toks17
\row@=\count197
\column@=\count198
\maxfields@=\count199
\andhelp@=\toks18
\eqnshift@=\dimen144
\alignsep@=\dimen145
\tagshift@=\dimen146
\tagwidth@=\dimen147
\totwidth@=\dimen148
\lineht@=\dimen149
\@envbody=\toks19
\multlinegap=\skip50
\multlinetaggap=\skip51
\mathdisplay@stack=\toks20
LaTeX Info: Redefining \[ on input line 2923.
LaTeX Info: Redefining \] on input line 2924.
)
(/usr/share/texmf-dist/tex/latex/amsfonts/amsfonts.sty
Package: amsfonts 2013/01/14 v3.01 Basic AMSFonts support
\symAMSa=\mathgroup4
\symAMSb=\mathgroup5
LaTeX Font Info:    Redeclaring math symbol \hbar on input line 98.
LaTeX Font Info:    Overwriting math alphabet `\mathfrak' in version `bold'
(Font)                  U/euf/m/n --> U/euf/b/n on input line 106.
)
(/usr/share/texmf-dist/tex/latex/amsfonts/amssymb.sty
Package: amssymb 2013/01/14 v3.01 AMS font symbols
) (./cancel.sty
Package: cancel 2013/04/12 v2.2 Cancel math terms
)
(/usr/share/texmf-dist/tex/latex/esint/esint.sty
Package: esint 
\symlargesymbolsA=\mathgroup6
)
(/usr/share/texmf-dist/tex/latex/l3backend/l3backend-pdftex.def
File: l3backend-pdftex.def 2021-03-18 L3 backend support: PDF output (pdfTeX)
\l__color_backend_stack_int=\count266
\l__pdf_internal_box=\box49
)
(./MathPhysics.aux)
\openout1 = `MathPhysics.aux'.

LaTeX Font Info:    Checking defaults for OML/cmm/m/it on input line 38.
LaTeX Font Info:    ... okay on input line 38.
LaTeX Font Info:    Checking defaults for OMS/cmsy/m/n on input line 38.
LaTeX Font Info:    ... okay on input line 38.
LaTeX Font Info:    Checking defaults for OT1/cmr/m/n on input line 38.
LaTeX Font Info:    ... okay on input line 38.
LaTeX Font Info:    Checking defaults for T1/cmr/m/n on input line 38.
LaTeX Font Info:    ... okay on input line 38.
LaTeX Font Info:    Checking defaults for TS1/cmr/m/n on input line 38.
LaTeX Font Info:    ... okay on input line 38.
LaTeX Font Info:    Checking defaults for OMX/cmex/m/n on input line 38.
LaTeX Font Info:    ... okay on input line 38.
LaTeX Font Info:    Checking defaults for U/cmr/m/n on input line 38.
LaTeX Font Info:    ... okay on input line 38.
 (/usr/share/texmf-dist/tex/context/base/mkii/supp-pdf.mkii
[Loading MPS to PDF converter (version 2006.09.02).]
\scratchcounter=\count267
\scratchdimen=\dimen150
\scratchbox=\box50
\nofMPsegments=\count268
\nofMParguments=\count269
\everyMPshowfont=\toks21
\MPscratchCnt=\count270
\MPscratchDim=\dimen151
\MPnumerator=\count271
\makeMPintoPDFobject=\count272
\everyMPtoPDFconversion=\toks22
) (/usr/share/texmf-dist/tex/latex/epstopdf-pkg/epstopdf-base.sty
Package: epstopdf-base 2020-01-24 v2.11 Base part for package epstopdf
Package epstopdf-base Info: Redefining graphics rule for `.eps' on input line 4
85.

(/usr/share/texmf-dist/tex/latex/latexconfig/epstopdf-sys.cfg
File: epstopdf-sys.cfg 2010/07/13 v1.3 Configuration of (r)epstopdf for TeX Liv
e
))
LaTeX Font Info:    Trying to load font information for U+msa on input line 39.


(/usr/share/texmf-dist/tex/latex/amsfonts/umsa.fd
File: umsa.fd 2013/01/14 v3.01 AMS symbols A
)
LaTeX Font Info:    Trying to load font information for U+msb on input line 39.


(/usr/share/texmf-dist/tex/latex/amsfonts/umsb.fd
File: umsb.fd 2013/01/14 v3.01 AMS symbols B
)
LaTeX Font Info:    Trying to load font information for U+esint on input line 3
9.

(/usr/share/texmf-dist/tex/latex/esint/uesint.fd
File: uesint.fd 
)

LaTeX Warning: No \author given.

[1


{/var/lib/texmf/fonts/map/pdftex/updmap/pdftex.map}] (./MathPhysics.toc)
\tf@toc=\write3
\openout3 = `MathPhysics.toc'.


[1

] [2


] [3


]
Chapter 1.

Overfull \hbox (55.1617pt too wide) detected at line 80
[]
 []

[4

]
Overfull \hbox (9.32751pt too wide) in paragraph at lines 80--82
\OT1/cmr/m/n/10 in the se-ries is pos-i-tive (this type of con-ver-gence is cal
led $[])$ 
 []


Overfull \hbox (62.4117pt too wide) detected at line 89
[]
 []

[5]
Overfull \hbox (50.95398pt too wide) in paragraph at lines 111--112
\OT1/cmr/m/n/10 To ex-pand a func-tion into a power tool, we first as-sume ther
e is a $[]$
 []

[6]
Underfull \hbox (badness 10000) in paragraph at lines 138--139

 []

[7]
Underfull \hbox (badness 10000) in paragraph at lines 140--141

 []

[8]
Chapter 2.
[9

]
Underfull \hbox (badness 10000) in paragraph at lines 173--174

 []

[10] [11]
Overfull \hbox (8.44794pt too wide) in paragraph at lines 257--257
[]\OT1/cmr/bx/n/14.4 Inverse Trigono-met-ric and Hy-per-bolic Func-
 []

[12] [13] [14]
Chapter 3.

Underfull \hbox (badness 10000) in paragraph at lines 303--305

 []


Underfull \hbox (badness 10000) in paragraph at lines 312--314

 []

[15


]
Underfull \hbox (badness 10000) in paragraph at lines 355--357

 []

[16] [17]
Underfull \hbox (badness 10000) in paragraph at lines 432--434

 []

[18] [19]
Underfull \hbox (badness 10000) in paragraph at lines 501--502

 []


Underfull \hbox (badness 10000) in paragraph at lines 512--513

 []

[20]
Underfull \hbox (badness 10000) in paragraph at lines 522--524

 []


Overfull \hbox (25.77356pt too wide) detected at line 562
[] [] \OT1/cmr/m/n/10 = []
 []


Underfull \hbox (badness 10000) in paragraph at lines 562--564

 []


Underfull \hbox (badness 10000) in paragraph at lines 568--570

 []

[21]
Underfull \hbox (badness 10000) in paragraph at lines 582--583

 []


Underfull \hbox (badness 10000) in paragraph at lines 599--601

 []


Underfull \hbox (badness 10000) in paragraph at lines 617--618

 []

[22]
Underfull \hbox (badness 10000) in paragraph at lines 623--624

 []


Underfull \hbox (badness 10000) in paragraph at lines 629--630

 []


Underfull \hbox (badness 10000) in paragraph at lines 635--636

 []


Underfull \hbox (badness 10000) in paragraph at lines 648--650

 []

[23]
Overfull \hbox (41.50069pt too wide) in paragraph at lines 669--677
 [][] 
 []

[24]
Underfull \hbox (badness 10000) in paragraph at lines 704--705

 []


Underfull \hbox (badness 10000) in paragraph at lines 706--707

 []


Underfull \hbox (badness 10000) in paragraph at lines 708--709

 []


Underfull \hbox (badness 10000) in paragraph at lines 710--711

 []


Underfull \hbox (badness 10000) in paragraph at lines 720--722

 []


Underfull \hbox (badness 10000) in paragraph at lines 724--726

 []


Underfull \hbox (badness 10000) in paragraph at lines 729--730

 []

[25] [26] [27] [28

]
Chapter 4.
[29

]
Underfull \hbox (badness 10000) in paragraph at lines 826--827

 []


Underfull \hbox (badness 10000) in paragraph at lines 828--829

 []

[30]
Underfull \hbox (badness 10000) in paragraph at lines 851--852

 []

[31] [32]
Chapter 5.

Underfull \hbox (badness 10000) in paragraph at lines 880--881

 []


Underfull \hbox (badness 10000) in paragraph at lines 882--883

 []

[33

]
Underfull \hbox (badness 10000) in paragraph at lines 888--890

 []

[34] [35]
Chapter 6.

Underfull \hbox (badness 10000) in paragraph at lines 940--941

 []

[36

]
Underfull \hbox (badness 10000) in paragraph at lines 953--955

 []

[37] [38] [39] (./MathPhysics.aux) ) 
Here is how much of TeX's memory you used:
 2478 strings out of 478994
 32005 string characters out of 5864751
 356128 words of memory out of 5000000
 19946 multiletter control sequences out of 15000+600000
 414214 words of font info for 72 fonts, out of 8000000 for 9000
 1141 hyphenation exceptions out of 8191
 68i,17n,74p,429b,206s stack positions out of 5000i,500n,10000p,200000b,80000s
{/usr/share/texmf-dist/fonts/enc/dvips/cm-s
uper/cm-super-ts1.enc}</usr/share/texmf-dist/fonts/type1/public/amsfonts/cm/cmb
x10.pfb></usr/share/texmf-dist/fonts/type1/public/amsfonts/cm/cmbx12.pfb></usr/
share/texmf-dist/fonts/type1/public/amsfonts/cm/cmex10.pfb></usr/share/texmf-di
st/fonts/type1/public/amsfonts/cm/cmmi10.pfb></usr/share/texmf-dist/fonts/type1
/public/amsfonts/cm/cmmi5.pfb></usr/share/texmf-dist/fonts/type1/public/amsfont
s/cm/cmmi7.pfb></usr/share/texmf-dist/fonts/type1/public/amsfonts/cm/cmr10.pfb>
</usr/share/texmf-dist/fonts/type1/public/amsfonts/cm/cmr12.pfb></usr/share/tex
mf-dist/fonts/type1/public/amsfonts/cm/cmr17.pfb></usr/share/texmf-dist/fonts/t
ype1/public/amsfonts/cm/cmr5.pfb></usr/share/texmf-dist/fonts/type1/public/amsf
onts/cm/cmr7.pfb></usr/share/texmf-dist/fonts/type1/public/amsfonts/cm/cmsl10.p
fb></usr/share/texmf-dist/fonts/type1/public/amsfonts/cm/cmsy10.pfb></usr/share
/texmf-dist/fonts/type1/public/amsfonts/cm/cmsy7.pfb></usr/share/texmf-dist/fon
ts/type1/public/esint-type1/esint10.pfb></usr/share/texmf-dist/fonts/type1/publ
ic/amsfonts/latxfont/line10.pfb></usr/share/texmf-dist/fonts/type1/public/amsfo
nts/symbols/msam7.pfb></usr/share/texmf-dist/fonts/type1/public/cm-super/sfrm10
00.pfb>
Output written on MathPhysics.pdf (40 pages, 275300 bytes).
PDF statistics:
 208 PDF objects out of 1000 (max. 8388607)
 146 compressed objects within 2 object streams
 0 named destinations out of 1000 (max. 500000)
 1 words of extra memory for PDF output out of 10000 (max. 10000000)

